<?xml version="1.0" encoding="UTF-8"?>
<!-- Generated by org.testng.reporters.JUnitXMLReporter -->
<testsuite hostname="VSURE-LAP" ignored="0" name="Gamil Login Test" tests="3" failures="0" timestamp="17 Feb 2019 15:14:28 GMT" time="133.094" errors="0">
  <testcase name="loginIntoGmail" time="37.537" classname="org.selenium.SampleSeleniumProject.GmailLoginTest"/>
  <testcase name="loginIntoGmail_wrongEmail" time="2.273" classname="org.selenium.SampleSeleniumProject.GmailLoginTest"/>
  <testcase name="loginIntoGmail_wrongPassword" time="10.708" classname="org.selenium.SampleSeleniumProject.GmailLoginTest"/>
</testsuite> <!-- Gamil Login Test -->
