<?xml version="1.0" encoding="UTF-8"?>
<!-- Generated by org.testng.reporters.JUnitXMLReporter -->
<testsuite hostname="VSURE-LAP" ignored="0" name="Gamil Logout Test" tests="2" failures="0" timestamp="17 Feb 2019 15:12:14 GMT" time="152.845" errors="0">
  <testcase name="GmailLogout" time="47.27" classname="org.selenium.SampleSeleniumProject.GmailLogoutTest"/>
  <testcase name="GmailLogout_removeAccount" time="48.736" classname="org.selenium.SampleSeleniumProject.GmailLogoutTest"/>
</testsuite> <!-- Gamil Logout Test -->
