<?xml version="1.0" encoding="UTF-8"?>
<!-- Generated by org.testng.reporters.JUnitXMLReporter -->
<testsuite hostname="VSURE-LAP" ignored="0" name="Default test" tests="2" failures="0" timestamp="17 Feb 2019 15:04:15 GMT" time="83.226" errors="0">
  <testcase name="GmailLogout" time="45.047" classname="org.selenium.SampleSeleniumProject.GmailLogoutTest"/>
  <testcase name="GmailLogout_removeAccount" time="5.905" classname="org.selenium.SampleSeleniumProject.GmailLogoutTest"/>
</testsuite> <!-- Default test -->
